<?xml version="1.0" encoding="UTF-8"?>
<!-- Generated by org.testng.reporters.JUnitXMLReporter -->
<testsuite ignored="0" hostname="markl43" failures="0" tests="6" name="Default test" time="0.037" errors="0" timestamp="2021-10-18T15:01:27 CST">
  <testcase classname="CalculatorTest" name="testDoubleAdd" time="0.006"/>
  <testcase classname="CalculatorTest" name="testDoubleMultiply" time="0.001"/>
  <testcase classname="CalculatorTest" name="testDoubleSubtract" time="0.001"/>
  <testcase classname="CalculatorTest" name="testIntAdd" time="0.001"/>
  <testcase classname="CalculatorTest" name="testIntMultiply" time="0.001"/>
  <testcase classname="CalculatorTest" name="testIntSubtract" time="0.001"/>
</testsuite> <!-- Default test -->
